<?xml version="1.0" encoding="UTF-8"?>
<!-- Generated by org.testng.reporters.JUnitXMLReporter -->
<testsuite hostname="DESKTOP-9715G1F" ignored="0" name="Command line test" tests="7" failures="1" timestamp="2020-06-18T10:56:29 IST" time="31.508" errors="0">
  <testcase name="add" time="0.009" classname="Mavndetailedpractice.Mavendemo1Test"/>
  <testcase name="sub" time="0.0" classname="Mavndetailedpractice.Mavendemo1Test"/>
  <testcase name="div" time="0.001" classname="Mavndetailedpractice.Mavendemo2Test"/>
  <testcase name="mul" time="0.001" classname="Mavndetailedpractice.Mavendemo2Test"/>
  <testcase name="f" time="8.942" classname="simplypractice.Logsprac2Test">
    <failure type="org.openqa.selenium.NoSuchElementException" message="Cannot locate an element using xpath=//input[@value=&amp;apos;Submit&amp;apos;]
For documentation on this error, please visit: https://www.seleniumhq.org/exceptions/no_such_element.html
Build info: version: &amp;apos;3.141.59&amp;apos;, revision: &amp;apos;e82be7d358&amp;apos;, time: &amp;apos;2018-11-14T08:17:03&amp;apos;
System info: host: &amp;apos;DESKTOP-9715G1F&amp;apos;, ip: &amp;apos;10.243.193.132&amp;apos;, os.name: &amp;apos;Windows 10&amp;apos;, os.arch: &amp;apos;amd64&amp;apos;, os.version: &amp;apos;10.0&amp;apos;, java.version: &amp;apos;1.8.0_65&amp;apos;
Driver info: driver.version: RemoteWebDriver">
      <![CDATA[org.openqa.selenium.NoSuchElementException: Cannot locate an element using xpath=//input[@value='Submit']
For documentation on this error, please visit: https://www.seleniumhq.org/exceptions/no_such_element.html
Build info: version: '3.141.59', revision: 'e82be7d358', time: '2018-11-14T08:17:03'
System info: host: 'DESKTOP-9715G1F', ip: '10.243.193.132', os.name: 'Windows 10', os.arch: 'amd64', os.version: '10.0', java.version: '1.8.0_65'
Driver info: driver.version: RemoteWebDriver
at org.openqa.selenium.remote.RemoteWebDriver.findElement(RemoteWebDriver.java:327)
at org.openqa.selenium.remote.RemoteWebDriver.findElementByXPath(RemoteWebDriver.java:428)
at org.openqa.selenium.By$ByXPath.findElement(By.java:353)
at org.openqa.selenium.remote.RemoteWebDriver.findElement(RemoteWebDriver.java:315)
at simplypractice.Logsprac2Test.f(Logsprac2Test.java:54)
at java.util.ArrayList.forEach(ArrayList.java:1249)
... Removed 37 stack frames]]>
    </failure>
  </testcase> <!-- f -->
  <testcase name="f1Test" time="0.004" classname="simplypractice.Mavendemo1Test"/>
  <testcase name="fTest" time="0.001" classname="simplypractice.Mavendemo1Test"/>
</testsuite> <!-- Command line test -->
